【処理結果レポート】 (2026-01-22 15:06:16)
対象シート: 1020201
------------------------------
・問題数: 16
・小問題数: 11
・得点合計: 48 点
・改ページ数: 0
・コメント挿入/更新: 4 箇所
・QID更新: 0 箇所
------------------------------
更新が完了しました（保存は手動で行ってください）。

【処理結果レポート】 (2026-01-22 15:09:04)
対象シート: 1020201
------------------------------
・問題数: 16
・小問題数: 11
・得点合計: 48 点
・改ページ数: 0
・コメント挿入/更新: 1 箇所
・QID更新: 0 箇所
------------------------------
更新が完了しました（保存は手動で行ってください）。

【処理結果レポート】 (2026-01-22 15:09:53)
対象シート: 1020201
------------------------------
・問題数: 16
・小問題数: 11
・得点合計: 48 点
・改ページ数: 0
・コメント挿入/更新: 1 箇所
・QID更新: 0 箇所
------------------------------
更新が完了しました（保存は手動で行ってください）。

【処理結果レポート】 (2026-01-22 15:48:29)
対象シート: 1020201
------------------------------
・問題数: 17
・小問題数: 13
・得点合計: 52 点
・改ページ数: 0
・コメント挿入/更新: 3 箇所
・QID更新: 1 箇所
------------------------------
更新が完了しました（保存は手動で行ってください）。

【処理結果レポート】 (2026-01-22 16:05:53)
対象シート: 1020201
------------------------------
・問題数: 18
・小問題数: 13
・得点合計: 54 点
・改ページ数: 0
・コメント挿入/更新: 1 箇所
・QID更新: 1 箇所
------------------------------
更新が完了しました（保存は手動で行ってください）。

【処理結果レポート】 (2026-01-22 16:44:02)
対象シート: 1020201
------------------------------
・問題数: 24
・小問題数: 13
・得点合計: 72 点
・改ページ数: 0
・コメント挿入/更新: 6 箇所
・QID更新: 6 箇所
------------------------------
更新が完了しました（保存は手動で行ってください）。

【処理結果レポート】 (2026-01-25 09:09:12)
対象シート: 1020201
------------------------------
・問題数: 26
・小問題数: 19
・得点合計: 93 点
・改ページ数: 0
・コメント挿入/更新: 8 箇所
・QID更新: 2 箇所
------------------------------
更新が完了しました（保存は手動で行ってください）。

【処理結果レポート】 (2026-01-25 10:15:33)
対象シート: 1020201
------------------------------
・問題数: 26
・小問題数: 18
・得点合計: 96 点
・改ページ数: 0
・コメント挿入/更新: 3 箇所
・QID更新: 0 箇所
------------------------------
更新が完了しました（保存は手動で行ってください）。

【処理結果レポート】 (2026-01-25 10:23:12)
対象シート: 1020201
------------------------------
・問題数: 25
・小問題数: 18
・得点合計: 94 点
・改ページ数: 0
・コメント挿入/更新: 32 箇所
・QID更新: 19 箇所
------------------------------
更新が完了しました（保存は手動で行ってください）。

【処理結果レポート】 (2026-01-25 10:27:14)
対象シート: 1020201
------------------------------
・問題数: 25
・小問題数: 19
・得点合計: 96 点
・改ページ数: 0
・コメント挿入/更新: 3 箇所
・QID更新: 0 箇所
------------------------------
更新が完了しました（保存は手動で行ってください）。

【処理結果レポート】 (2026-01-25 10:28:49)
対象シート: 1020201
------------------------------
・問題数: 26
・小問題数: 19
・得点合計: 98 点
・改ページ数: 0
・コメント挿入/更新: 32 箇所
・QID更新: 19 箇所
------------------------------
更新が完了しました（保存は手動で行ってください）。

【処理結果レポート】 (2026-01-25 10:33:05)
対象シート: 1020201
------------------------------
・問題数: 22
・小問題数: 18
・得点合計: 88 点
・改ページ数: 0
・コメント挿入/更新: 32 箇所
・QID更新: 16 箇所
------------------------------
更新が完了しました（保存は手動で行ってください）。

【処理結果レポート】 (2026-01-25 10:46:27)
対象シート: 1020201
------------------------------
・問題数: 27
・小問題数: 18
・得点合計: 98 点
・改ページ数: 0
・コメント挿入/更新: 13 箇所
・QID更新: 7 箇所
------------------------------
更新が完了しました（保存は手動で行ってください）。

【処理結果レポート】 (2026-01-25 10:50:51)
対象シート: 1020201
------------------------------
・問題数: 28
・小問題数: 18
・得点合計: 100 点
・改ページ数: 0
・コメント挿入/更新: 33 箇所
・QID更新: 20 箇所
------------------------------
更新が完了しました（保存は手動で行ってください）。

